{'affect': {'affect': 27, 'effect': 151}, 'amount': {'amount': 117, 'number': 343}, 'accept': {'except': 126, 'accept': 47}, 'among': {'among': 234, 'between': 530}}
++++++++++++++++++++++
-----------------
affect
-----------------
{'to': 5, 'on': 1, 'of': 8, 'that': 1, 'and': 2, 'in': 1, 'a': 1, 'the': 16}
-----------------
effect
-----------------
{'to': 35, 'a': 15, 'that': 9, 'have': 13, 'the': 102, 'and': 20, 'an': 12, 'is': 14, 'in': 18, 'on': 24, 'of': 46}
++++++++++++++++++++++
-----------------
amount
-----------------
{'large': 4, 'for': 3, 'people': 1, 'with': 1, 'as': 2, 'a': 18}
-----------------
number
-----------------
{'large': 23, 'a': 147, 'years': 10, 'who': 12, 'are': 18, 'people': 14, 'for': 22, 'with': 14, 'as': 9}
++++++++++++++++++++++
-----------------
except
-----------------
{'a': 19, 'that': 21, 'in': 17, 'for': 38}
-----------------
accept
-----------------
{'for': 3, 'that': 3, 'in': 1, 'a': 4}
++++++++++++++++++++++
-----------------
among
-----------------
{'this': 2, 'a': 16, 'and': 43, 'an': 1, 'or': 1, 'differences': 1, 'no': 1}
-----------------
between
-----------------
{'difference': 50, 'two': 43, 'this': 9, 'a': 77, 'relationship': 14, 'and': 283, 'distinction': 11, 'or': 11, 'differences': 10, 'an': 14, 'no': 12}
